  compilation object save succeeded; see C:\k021g1120\二年次\AL3\DirectXGame\x64\Debug\ObjPS.cso
  compilation object save succeeded; see C:\k021g1120\二年次\AL3\DirectXGame\x64\Debug\ObjVS.cso
  compilation object save succeeded; see C:\k021g1120\二年次\AL3\DirectXGame\x64\Debug\ShapePS.cso
  compilation object save succeeded; see C:\k021g1120\二年次\AL3\DirectXGame\x64\Debug\ShapeVS.cso
  compilation object save succeeded; see C:\k021g1120\二年次\AL3\DirectXGame\x64\Debug\SpritePS.cso
  compilation object save succeeded; see C:\k021g1120\二年次\AL3\DirectXGame\x64\Debug\SpriteVS.cso
  DebugText.cpp
  Sprite.cpp
  DebugCamera.cpp
  LightGroup.cpp
  Material.cpp
  Mesh.cpp
  Model.cpp
  ViewProjection.cpp
  WorldTransform.cpp
  Audio.cpp
  AxisIndicator.cpp
  DirectXCommon.cpp
  TextureManager.cpp
  WinApp.cpp
  Input.cpp
  main.cpp
  GameScene.cpp
  コードを生成中...
  LINK : 前回のインクリメンタル リンクで C:\k021g1120\二年次\AL3\DirectXGame\x64\Debug\DirectXGame.exe が見つからなかったか、ビルドされませんでした。フル リンクを行います。
  DirectXGame.vcxproj -> C:\k021g1120\二年次\AL3\DirectXGame\x64\Debug\DirectXGame.exe
